08:20-09:50 Vrajitorul din Oz
10:00-11:20 Scufita Rosie
12:10-13:10 Micul Print
15:00-15:30 Frumoasa si Bestia

08:20-09:50 Vrajitorul din Oz
10:00-11:20 Scufita Rosie
12:10-13:10 Micul Print
14:00-16:00 Povestea porcului

08:20-09:50 Vrajitorul din Oz
10:00-11:20 Scufita Rosie
11:30-14:00 Capra cu trei iezi
15:00-15:30 Frumoasa si Bestia

08:20-09:50 Vrajitorul din Oz
10:00-11:20 Scufita Rosie
11:30-14:00 Capra cu trei iezi
14:00-16:00 Povestea porcului

08:20-09:50 Vrajitorul din Oz
10:00-11:20 Scufita Rosie
15:00-15:30 Frumoasa si Bestia
14:00-16:00 Povestea porcului

08:20-09:50 Vrajitorul din Oz
12:10-13:10 Micul Print
11:30-14:00 Capra cu trei iezi
15:00-15:30 Frumoasa si Bestia

08:20-09:50 Vrajitorul din Oz
12:10-13:10 Micul Print
11:30-14:00 Capra cu trei iezi
14:00-16:00 Povestea porcului

08:20-09:50 Vrajitorul din Oz
12:10-13:10 Micul Print
15:00-15:30 Frumoasa si Bestia
14:00-16:00 Povestea porcului

08:20-09:50 Vrajitorul din Oz
11:30-14:00 Capra cu trei iezi
15:00-15:30 Frumoasa si Bestia
14:00-16:00 Povestea porcului

10:00-11:20 Scufita Rosie
12:10-13:10 Micul Print
11:30-14:00 Capra cu trei iezi
15:00-15:30 Frumoasa si Bestia

10:00-11:20 Scufita Rosie
12:10-13:10 Micul Print
11:30-14:00 Capra cu trei iezi
14:00-16:00 Povestea porcului

10:00-11:20 Scufita Rosie
12:10-13:10 Micul Print
15:00-15:30 Frumoasa si Bestia
14:00-16:00 Povestea porcului

10:00-11:20 Scufita Rosie
11:30-14:00 Capra cu trei iezi
15:00-15:30 Frumoasa si Bestia
14:00-16:00 Povestea porcului

09:30-12:10 Punguta cu doi bani
12:10-13:10 Micul Print
11:30-14:00 Capra cu trei iezi
15:00-15:30 Frumoasa si Bestia

09:30-12:10 Punguta cu doi bani
12:10-13:10 Micul Print
11:30-14:00 Capra cu trei iezi
14:00-16:00 Povestea porcului

09:30-12:10 Punguta cu doi bani
12:10-13:10 Micul Print
15:00-15:30 Frumoasa si Bestia
14:00-16:00 Povestea porcului

09:30-12:10 Punguta cu doi bani
11:30-14:00 Capra cu trei iezi
15:00-15:30 Frumoasa si Bestia
14:00-16:00 Povestea porcului

12:10-13:10 Micul Print
11:30-14:00 Capra cu trei iezi
15:00-15:30 Frumoasa si Bestia
14:00-16:00 Povestea porcului

